Performing C SOURCE FILE Test CMAKE_HAVE_LIBC_PTHREAD failed with the following output:
Change Dir: /home/tony/c/Tsoding_MachineLearning_In_C/software/raylib/build/CMakeFiles/CMakeTmp

Run Build Command(s):/usr/bin/make cmTC_2593c/fast && /usr/bin/make -f CMakeFiles/cmTC_2593c.dir/build.make CMakeFiles/cmTC_2593c.dir/build
make[1]: Entering directory '/home/tony/c/Tsoding_MachineLearning_In_C/software/raylib/build/CMakeFiles/CMakeTmp'
Building C object CMakeFiles/cmTC_2593c.dir/src.c.o
/usr/bin/cc   -fno-strict-aliasing -Werror=implicit-function-declaration -Werror=pointer-arith  -DCMAKE_HAVE_LIBC_PTHREAD   -o CMakeFiles/cmTC_2593c.dir/src.c.o   -c /home/tony/c/Tsoding_MachineLearning_In_C/software/raylib/build/CMakeFiles/CMakeTmp/src.c
Linking C executable cmTC_2593c
/usr/bin/cmake -E cmake_link_script CMakeFiles/cmTC_2593c.dir/link.txt --verbose=1
/usr/bin/cc -fno-strict-aliasing -Werror=implicit-function-declaration -Werror=pointer-arith  -DCMAKE_HAVE_LIBC_PTHREAD    -rdynamic CMakeFiles/cmTC_2593c.dir/src.c.o  -o cmTC_2593c 
/usr/bin/ld: CMakeFiles/cmTC_2593c.dir/src.c.o: in function `main':
src.c:(.text+0x46): undefined reference to `pthread_create'
/usr/bin/ld: src.c:(.text+0x52): undefined reference to `pthread_detach'
/usr/bin/ld: src.c:(.text+0x63): undefined reference to `pthread_join'
collect2: error: ld returned 1 exit status
make[1]: *** [CMakeFiles/cmTC_2593c.dir/build.make:87: cmTC_2593c] Error 1
make[1]: Leaving directory '/home/tony/c/Tsoding_MachineLearning_In_C/software/raylib/build/CMakeFiles/CMakeTmp'
make: *** [Makefile:121: cmTC_2593c/fast] Error 2


Source file was:
#include <pthread.h>

void* test_func(void* data)
{
  return data;
}

int main(void)
{
  pthread_t thread;
  pthread_create(&thread, NULL, test_func, NULL);
  pthread_detach(thread);
  pthread_join(thread, NULL);
  pthread_atfork(NULL, NULL, NULL);
  pthread_exit(NULL);

  return 0;
}

Determining if the function pthread_create exists in the pthreads failed with the following output:
Change Dir: /home/tony/c/Tsoding_MachineLearning_In_C/software/raylib/build/CMakeFiles/CMakeTmp

Run Build Command(s):/usr/bin/make cmTC_639a4/fast && /usr/bin/make -f CMakeFiles/cmTC_639a4.dir/build.make CMakeFiles/cmTC_639a4.dir/build
make[1]: Entering directory '/home/tony/c/Tsoding_MachineLearning_In_C/software/raylib/build/CMakeFiles/CMakeTmp'
Building C object CMakeFiles/cmTC_639a4.dir/CheckFunctionExists.c.o
/usr/bin/cc   -fno-strict-aliasing -Werror=implicit-function-declaration -Werror=pointer-arith  -DCHECK_FUNCTION_EXISTS=pthread_create   -std=gnu99 -o CMakeFiles/cmTC_639a4.dir/CheckFunctionExists.c.o   -c /usr/share/cmake-3.16/Modules/CheckFunctionExists.c
Linking C executable cmTC_639a4
/usr/bin/cmake -E cmake_link_script CMakeFiles/cmTC_639a4.dir/link.txt --verbose=1
/usr/bin/cc -fno-strict-aliasing -Werror=implicit-function-declaration -Werror=pointer-arith  -DCHECK_FUNCTION_EXISTS=pthread_create    CMakeFiles/cmTC_639a4.dir/CheckFunctionExists.c.o  -o cmTC_639a4  -lpthreads 
/usr/bin/ld: cannot find -lpthreads
collect2: error: ld returned 1 exit status
make[1]: *** [CMakeFiles/cmTC_639a4.dir/build.make:87: cmTC_639a4] Error 1
make[1]: Leaving directory '/home/tony/c/Tsoding_MachineLearning_In_C/software/raylib/build/CMakeFiles/CMakeTmp'
make: *** [Makefile:121: cmTC_639a4/fast] Error 2



Determining if the QueryPerformanceCounter exist failed with the following output:
Change Dir: /home/tony/c/Tsoding_MachineLearning_In_C/software/raylib/build/CMakeFiles/CMakeTmp

Run Build Command(s):/usr/bin/make cmTC_ab7b9/fast && /usr/bin/make -f CMakeFiles/cmTC_ab7b9.dir/build.make CMakeFiles/cmTC_ab7b9.dir/build
make[1]: Entering directory '/home/tony/c/Tsoding_MachineLearning_In_C/software/raylib/build/CMakeFiles/CMakeTmp'
Building C object CMakeFiles/cmTC_ab7b9.dir/CheckSymbolExists.c.o
/usr/bin/cc -D_POSIX_C_SOURCE=199309L  -fno-strict-aliasing -Werror=implicit-function-declaration -Werror=pointer-arith     -o CMakeFiles/cmTC_ab7b9.dir/CheckSymbolExists.c.o   -c /home/tony/c/Tsoding_MachineLearning_In_C/software/raylib/build/CMakeFiles/CMakeTmp/CheckSymbolExists.c
/home/tony/c/Tsoding_MachineLearning_In_C/software/raylib/build/CMakeFiles/CMakeTmp/CheckSymbolExists.c:2:10: fatal error: windows.h: No such file or directory
    2 | #include <windows.h>
      |          ^~~~~~~~~~~
compilation terminated.
make[1]: *** [CMakeFiles/cmTC_ab7b9.dir/build.make:66: CMakeFiles/cmTC_ab7b9.dir/CheckSymbolExists.c.o] Error 1
make[1]: Leaving directory '/home/tony/c/Tsoding_MachineLearning_In_C/software/raylib/build/CMakeFiles/CMakeTmp'
make: *** [Makefile:121: cmTC_ab7b9/fast] Error 2


File /home/tony/c/Tsoding_MachineLearning_In_C/software/raylib/build/CMakeFiles/CMakeTmp/CheckSymbolExists.c:
/* */
#include <windows.h>

int main(int argc, char** argv)
{
  (void)argv;
#ifndef QueryPerformanceCounter
  return ((int*)(&QueryPerformanceCounter))[argc];
#else
  (void)argc;
  return 0;
#endif
}
